0 info it worked if it ends with ok
1 verbose cli [ 'C:\\Program Files (x86)\\nodejs\\node.exe',
1 verbose cli   'C:\\Program Files (x86)\\nodejs\\node_modules\\npm\\bin\\npm-cli.js',
1 verbose cli   'start' ]
2 info using npm@3.10.10
3 info using node@v6.10.0
4 verbose run-script [ 'prestart', 'start', 'poststart' ]
5 info lifecycle @~prestart: @
6 silly lifecycle @~prestart: no script for prestart, continuing
7 info lifecycle @~start: @
8 verbose lifecycle @~start: unsafe-perm in lifecycle true
9 verbose lifecycle @~start: PATH: C:\Program Files (x86)\nodejs\node_modules\npm\bin\node-gyp-bin;D:\reactProjects\presentation\node_modules\.bin;C:\Python27;C:\Python27\Scripts;C:\ProgramData\Oracle\Java\javapath;C:\Perl64\site\bin;C:\Perl64\bin;C:\Program Files (x86)\Java\jdk1.7.0_13\bin;C:\Program Files (x86)\Java\jdk1.7.0_13\jre\bin;C:\Program Files (x86)\Java\jre7\bin;C:\Program Files (x86)\GtkSharp\2.12\bin;C:\Program Files\Microsoft SQL Server\110\Tools\Binn\;C:\Program Files (x86)\Microsoft SDKs\TypeScript\1.0\;C:\Program Files\Microsoft SQL Server\120\Tools\Binn\;C:\WINDOWS\system32;C:\WINDOWS;C:\WINDOWS\system32\wbem;%USERPROFILE%\.dnx\bin;C:\Program Files\Microsoft DNX\Dnvm\;C:\Program Files (x86)\Windows Kits\10\Windows Performance Toolkit\;D:\AndroidSDK\sdk\tools;D:\AndroidSDK\sdk\platform-tools;D:\AndroidSDK\sdk;C:\gradle-2.8\bin;C:\android-ndk-r10d;D:\Cocos\frameworks\cocos2d-x-3.8.1\cocos;D:\Cocos\frameworks\cocos2d-x-3.8.1\extensions;D:\Cocos\frameworks\cocos2d-x-3.8.1\external;;C:\Program Files (x86)\nodejs;C:\Program Files (x86)\VisualSVN\bin;C:\Program Files\TortoiseSVN\bin;C:\WINDOWS\System32\Wbem;C:\WINDOWS\System32\WindowsPowerShell\v1.0\;C:\usr\local\ssl\bin;C:\gnuwin32\bin;C:\gnuwin32;D:\CMake;C:\MinGW;C:\MinGW\bin;D:\Qt\Qt5.4.2\5.4\msvc2013_64_opengl;C:\usr\local\ssl;D:\Qt\Qt5.4.2\5.4\msvc2013_64_opengl\include\QtWidgets;E:\EasyClient.Net.UI\lib;C:\Program Files (x86)\VideoLAN\VLC\plugins;E:\red5-server-1.0.8-M11;C:\Program Files\Darwin Streaming Server;E:\Program Files (x86)\apache-maven-3.3.9-bin\bin;C:\Program Files (x86)\Lua\5.1;C:\Program Files (x86)\Lua\5.1\clibs;C:\Program Files (x86)\Yarn\bin;C:\Program Files (x86)\nodejs\;C:\Program Files\MongoDB\Server\3.4\bin;C:\Program Files\Git\cmd;C:\Program Files (x86)\Google\Chrome\Application\;C:\Ruby23\bin;D:\Cocos\frameworks\cocos2d-x-3.8.1\tools\cocos2d-console\bin;D:\Program Files\nodejs;C:\Program Files\GPAC;C:\Users\Administrator\AppData\Local\Microsoft\WindowsApps;C:\Users\Administrator\AppData\Local\Yarn\.bin;C:\Users\Administrator\AppData\Roaming\npm;C:\Program Files (x86)\Microsoft VS Code\bin
10 verbose lifecycle @~start: CWD: D:\reactProjects\presentation
11 silly lifecycle @~start: Args: [ '/d /s /c', 'dora --plugins webpack' ]
12 silly lifecycle @~start: Returned: code: 3221225786  signal: null
13 info lifecycle @~start: Failed to exec start script
14 verbose stack Error: @ start: `dora --plugins webpack`
14 verbose stack Exit status 3221225786
14 verbose stack     at EventEmitter.<anonymous> (C:\Program Files (x86)\nodejs\node_modules\npm\lib\utils\lifecycle.js:255:16)
14 verbose stack     at emitTwo (events.js:106:13)
14 verbose stack     at EventEmitter.emit (events.js:191:7)
14 verbose stack     at ChildProcess.<anonymous> (C:\Program Files (x86)\nodejs\node_modules\npm\lib\utils\spawn.js:40:14)
14 verbose stack     at emitTwo (events.js:106:13)
14 verbose stack     at ChildProcess.emit (events.js:191:7)
14 verbose stack     at maybeClose (internal/child_process.js:877:16)
14 verbose stack     at Process.ChildProcess._handle.onexit (internal/child_process.js:226:5)
15 verbose pkgid @
16 verbose cwd D:\reactProjects\presentation
17 error Windows_NT 10.0.14393
18 error argv "C:\\Program Files (x86)\\nodejs\\node.exe" "C:\\Program Files (x86)\\nodejs\\node_modules\\npm\\bin\\npm-cli.js" "start"
19 error node v6.10.0
20 error npm  v3.10.10
21 error code ELIFECYCLE
22 error @ start: `dora --plugins webpack`
22 error Exit status 3221225786
23 error Failed at the @ start script 'dora --plugins webpack'.
23 error Make sure you have the latest version of node.js and npm installed.
23 error If you do, this is most likely a problem with the  package,
23 error not with npm itself.
23 error Tell the author that this fails on your system:
23 error     dora --plugins webpack
23 error You can get information on how to open an issue for this project with:
23 error     npm bugs
23 error Or if that isn't available, you can get their info via:
23 error     npm owner ls
23 error There is likely additional logging output above.
24 verbose exit [ 1, true ]
